<?xml version="1.0" encoding="UTF-8"?>
<testng-results skipped="0" failed="0" total="1" passed="1">
  <reporter-output>
  </reporter-output>
  <suite name="Default suite" duration-ms="15541" started-at="2017-07-17T08:28:42Z" finished-at="2017-07-17T08:28:58Z">
    <groups>
    </groups>
    <test name="Default test" duration-ms="15541" started-at="2017-07-17T08:28:42Z" finished-at="2017-07-17T08:28:58Z">
      <class name="com.learning.uiautomation.BhanuClasses.homepage.TC001_VerifyLoginWithInvalidCredentials">
        <test-method status="PASS" signature="setUp()[pri:0, instance:com.learning.uiautomation.BhanuClasses.homepage.TC001_VerifyLoginWithInvalidCredentials@17d0008]" name="setUp" is-config="true" duration-ms="8580" started-at="2017-07-17T13:58:42Z" finished-at="2017-07-17T13:58:51Z">
          <reporter-output>
          </reporter-output>
        </test-method> <!-- setUp -->
        <test-method status="PASS" signature="verifyLoginWithInvalidCredentials()[pri:0, instance:com.learning.uiautomation.BhanuClasses.homepage.TC001_VerifyLoginWithInvalidCredentials@17d0008]" name="verifyLoginWithInvalidCredentials" duration-ms="6084" started-at="2017-07-17T13:58:51Z" finished-at="2017-07-17T13:58:57Z">
          <reporter-output>
          </reporter-output>
        </test-method> <!-- verifyLoginWithInvalidCredentials -->
        <test-method status="PASS" signature="endTest()[pri:0, instance:com.learning.uiautomation.BhanuClasses.homepage.TC001_VerifyLoginWithInvalidCredentials@17d0008]" name="endTest" is-config="true" duration-ms="875" started-at="2017-07-17T13:58:57Z" finished-at="2017-07-17T13:58:58Z">
          <reporter-output>
          </reporter-output>
        </test-method> <!-- endTest -->
      </class> <!-- com.learning.uiautomation.BhanuClasses.homepage.TC001_VerifyLoginWithInvalidCredentials -->
    </test> <!-- Default test -->
  </suite> <!-- Default suite -->
</testng-results>
